<?xml version="1.0" encoding="UTF-8"?>
<testng-results skipped="0" failed="0" total="1" passed="1">
  <reporter-output>
  </reporter-output>
  <suite name="Default suite" duration-ms="17552" started-at="2020-10-04T20:07:11Z" finished-at="2020-10-04T20:07:29Z">
    <groups>
    </groups>
    <test name="Default test" duration-ms="17552" started-at="2020-10-04T20:07:11Z" finished-at="2020-10-04T20:07:29Z">
      <class name="com.autoBot.jetpunk.jetPunk_autoBot.testRunner">
        <test-method status="PASS" signature="test1()[pri:0, instance:com.autoBot.jetpunk.jetPunk_autoBot.testRunner@78b729e6]" name="test1" duration-ms="17535" started-at="2020-10-05T01:37:12Z" finished-at="2020-10-05T01:37:29Z">
          <reporter-output>
          </reporter-output>
        </test-method> <!-- test1 -->
      </class> <!-- com.autoBot.jetpunk.jetPunk_autoBot.testRunner -->
    </test> <!-- Default test -->
  </suite> <!-- Default suite -->
</testng-results>
