<?xml version="1.0" encoding="UTF-8"?>
<testng-results skipped="0" failed="0" total="1" passed="1">
  <reporter-output>
  </reporter-output>
  <suite name="Default suite" duration-ms="20756" started-at="2020-09-26T09:59:42Z" finished-at="2020-09-26T10:00:03Z">
    <groups>
    </groups>
    <test name="Default test" duration-ms="20756" started-at="2020-09-26T09:59:42Z" finished-at="2020-09-26T10:00:03Z">
      <class name="com.autoBot.jetpunk.jetPunk_autoBot.testRunner">
        <test-method status="PASS" signature="test1()[pri:0, instance:com.autoBot.jetpunk.jetPunk_autoBot.testRunner@78b729e6]" name="test1" duration-ms="20740" started-at="2020-09-26T15:29:42Z" finished-at="2020-09-26T15:30:03Z">
          <reporter-output>
          </reporter-output>
        </test-method> <!-- test1 -->
      </class> <!-- com.autoBot.jetpunk.jetPunk_autoBot.testRunner -->
    </test> <!-- Default test -->
  </suite> <!-- Default suite -->
</testng-results>
